<?xml version="1.0" encoding="UTF-8"?>
<!-- Generated by org.testng.reporters.JUnitReportReporter -->
<testsuite hostname="lenovo" failures="0" tests="3" name="pagefactory.PfSearch" time="12.028" errors="0" timestamp="2024-11-14T15:58:14 GST" skipped="0">
  <testcase classname="pagefactory.PfSearch" name="verifySearchForExistingProduct" time="3.627"/>
  <testcase classname="pagefactory.PfSearch" name="verifySearchForNonExistingProduct" time="3.430"/>
  <testcase classname="pagefactory.PfSearch" name="verifySearchWithOutProduct" time="4.971"/>
</testsuite> <!-- pagefactory.PfSearch -->
