<?xml version="1.0" encoding="UTF-8"?>
<!-- Generated by org.testng.reporters.JUnitReportReporter -->
<testsuite hostname="lenovo" failures="0" tests="3" name="pagefactory.PfRegister" time="15.930" errors="0" timestamp="2024-11-14T15:58:14 GST" skipped="0">
  <testcase classname="pagefactory.PfRegister" name="registerWithMandatoryyField" time="5.075"/>
  <testcase classname="pagefactory.PfRegister" name="registerWithAllFields" time="4.899"/>
  <testcase classname="pagefactory.PfRegister" name="registerWithoutFieldsDisplayMessages" time="5.956"/>
</testsuite> <!-- pagefactory.PfRegister -->
