<?xml version="1.0" encoding="UTF-8"?>
<!-- Generated by org.testng.reporters.JUnitReportReporter -->
<testsuite hostname="lenovo" failures="0" tests="5" name="pagefactory.PfLogin" time="22.748" errors="0" timestamp="2024-11-14T15:58:14 GST" skipped="0">
  <testcase classname="pagefactory.PfLogin" name="loginWithValidCredentials" time="4.444"/>
  <testcase classname="pagefactory.PfLogin" name="loginWithInValidCredentials" time="4.183"/>
  <testcase classname="pagefactory.PfLogin" name="loginWithInValidEmailValidPassword" time="4.472"/>
  <testcase classname="pagefactory.PfLogin" name="loginWithValidEmailInValidPassword" time="4.207"/>
  <testcase classname="pagefactory.PfLogin" name="loginWithOutAnyCredentials" time="5.442"/>
</testsuite> <!-- pagefactory.PfLogin -->
