<?xml version="1.0" encoding="UTF-8"?>
<!-- Generated by org.testng.reporters.JUnitReportReporter -->
<testsuite hostname="lenovo" failures="0" tests="1" name="pagefactory.PfLogout" time="8.065" errors="0" timestamp="2024-11-17T16:56:32 GST" skipped="0">
  <testcase classname="pagefactory.PfLogout" name="verifyLogoutFromMyAccountMenu" time="8.065"/>
</testsuite> <!-- pagefactory.PfLogout -->
